# JRE version: Java(TM) SE Runtime Environment (8.0_112-b15) (build 1.8.0_112-b15)
# Java VM: Java HotSpot(TM) 64-Bit Server VM (25.112-b15 mixed mode windows-amd64 compressed oops)
Heap:
 PSYoungGen      total 338432K, used 37861K [0x000000066ab00000, 0x0000000682f80000, 0x00000007c0000000)
  eden space 300544K, 0% used [0x000000066ab00000,0x000000066ab00000,0x000000067d080000)
  from space 37888K, 99% used [0x000000067d080000,0x000000067f579490,0x000000067f580000)
  to   space 42496K, 0% used [0x0000000680600000,0x0000000680600000,0x0000000682f80000)
 ParOldGen       total 1199616K, used 1198580K [0x00000003c0000000, 0x0000000409380000, 0x000000066ab00000)
  object space 1199616K, 99% used [0x00000003c0000000,0x000000040927d0e0,0x0000000409380000)
 Metaspace       used 15231K, capacity 15414K, committed 15744K, reserved 1062912K
  class space    used 1545K, capacity 1607K, committed 1664K, reserved 1048576K
GC Heap History (10 events):
Event: 20029.183 GC heap after
Heap after GC invocations=8688 (full 1):
 PSYoungGen      total 314368K, used 26146K [0x000000066ab00000, 0x0000000680700000, 0x00000007c0000000)
  eden space 282112K, 0% used [0x000000066ab00000,0x000000066ab00000,0x000000067be80000)
  from space 32256K, 81% used [0x000000067be80000,0x000000067d808918,0x000000067de00000)
  to   space 31744K, 0% used [0x000000067e800000,0x000000067e800000,0x0000000680700000)
 ParOldGen       total 1199616K, used 1186732K [0x00000003c0000000, 0x0000000409380000, 0x000000066ab00000)
  object space 1199616K, 98% used [0x00000003c0000000,0x00000004086eb0e0,0x0000000409380000)
 Metaspace       used 15231K, capacity 15414K, committed 15744K, reserved 1062912K
  class space    used 1545K, capacity 1607K, committed 1664K, reserved 1048576K
}
Event: 20030.571 GC heap before
{Heap before GC invocations=8689 (full 1):
 PSYoungGen      total 314368K, used 308258K [0x000000066ab00000, 0x0000000680700000, 0x00000007c0000000)
  eden space 282112K, 100% used [0x000000066ab00000,0x000000067be80000,0x000000067be80000)
  from space 32256K, 81% used [0x000000067be80000,0x000000067d808918,0x000000067de00000)
  to   space 31744K, 0% used [0x000000067e800000,0x000000067e800000,0x0000000680700000)
 ParOldGen       total 1199616K, used 1186732K [0x00000003c0000000, 0x0000000409380000, 0x000000066ab00000)
  object space 1199616K, 98% used [0x00000003c0000000,0x00000004086eb0e0,0x0000000409380000)
 Metaspace       used 15231K, capacity 15414K, committed 15744K, reserved 1062912K
  class space    used 1545K, capacity 1607K, committed 1664K, reserved 1048576K
Event: 20030.585 GC heap after
Heap after GC invocations=8689 (full 1):
 PSYoungGen      total 324608K, used 24358K [0x000000066ab00000, 0x0000000680700000, 0x00000007c0000000)
  eden space 292864K, 0% used [0x000000066ab00000,0x000000066ab00000,0x000000067c900000)
  from space 31744K, 76% used [0x000000067e800000,0x000000067ffc9920,0x0000000680700000)
  to   space 31744K, 0% used [0x000000067c900000,0x000000067c900000,0x000000067e800000)
 ParOldGen       total 1199616K, used 1186732K [0x00000003c0000000, 0x0000000409380000, 0x000000066ab00000)
  object space 1199616K, 98% used [0x00000003c0000000,0x00000004086eb0e0,0x0000000409380000)
 Metaspace       used 15231K, capacity 15414K, committed 15744K, reserved 1062912K
  class space    used 1545K, capacity 1607K, committed 1664K, reserved 1048576K
}
Event: 20031.951 GC heap before
{Heap before GC invocations=8690 (full 1):
 PSYoungGen      total 324608K, used 317222K [0x000000066ab00000, 0x0000000680700000, 0x00000007c0000000)
  eden space 292864K, 100% used [0x000000066ab00000,0x000000067c900000,0x000000067c900000)
  from space 31744K, 76% used [0x000000067e800000,0x000000067ffc9920,0x0000000680700000)
  to   space 31744K, 0% used [0x000000067c900000,0x000000067c900000,0x000000067e800000)
 ParOldGen       total 1199616K, used 1186732K [0x00000003c0000000, 0x0000000409380000, 0x000000066ab00000)
  object space 1199616K, 98% used [0x00000003c0000000,0x00000004086eb0e0,0x0000000409380000)
 Metaspace       used 15231K, capacity 15414K, committed 15744K, reserved 1062912K
  class space    used 1545K, capacity 1607K, committed 1664K, reserved 1048576K
Event: 20031.971 GC heap after
Heap after GC invocations=8690 (full 1):
 PSYoungGen      total 324608K, used 31722K [0x000000066ab00000, 0x0000000681680000, 0x00000007c0000000)
  eden space 292864K, 0% used [0x000000066ab00000,0x000000066ab00000,0x000000067c900000)
  from space 31744K, 99% used [0x000000067c900000,0x000000067e7faa80,0x000000067e800000)
  to   space 33792K, 0% used [0x000000067f580000,0x000000067f580000,0x0000000681680000)
 ParOldGen       total 1199616K, used 1187892K [0x00000003c0000000, 0x0000000409380000, 0x000000066ab00000)
  object space 1199616K, 99% used [0x00000003c0000000,0x000000040880d0e0,0x0000000409380000)
 Metaspace       used 15231K, capacity 15414K, committed 15744K, reserved 1062912K
  class space    used 1545K, capacity 1607K, committed 1664K, reserved 1048576K
}
Event: 20033.389 GC heap before
{Heap before GC invocations=8691 (full 1):
 PSYoungGen      total 324608K, used 324586K [0x000000066ab00000, 0x0000000681680000, 0x00000007c0000000)
  eden space 292864K, 100% used [0x000000066ab00000,0x000000067c900000,0x000000067c900000)
  from space 31744K, 99% used [0x000000067c900000,0x000000067e7faa80,0x000000067e800000)
  to   space 33792K, 0% used [0x000000067f580000,0x000000067f580000,0x0000000681680000)
 ParOldGen       total 1199616K, used 1187892K [0x00000003c0000000, 0x0000000409380000, 0x000000066ab00000)
  object space 1199616K, 99% used [0x00000003c0000000,0x000000040880d0e0,0x0000000409380000)
 Metaspace       used 15231K, capacity 15414K, committed 15744K, reserved 1062912K
  class space    used 1545K, capacity 1607K, committed 1664K, reserved 1048576K
Event: 20033.406 GC heap after
Heap after GC invocations=8691 (full 1):
 PSYoungGen      total 334336K, used 33773K [0x000000066ab00000, 0x0000000681e80000, 0x00000007c0000000)
  eden space 300544K, 0% used [0x000000066ab00000,0x000000066ab00000,0x000000067d080000)
  from space 33792K, 99% used [0x000000067f580000,0x000000068167b7a8,0x0000000681680000)
  to   space 37888K, 0% used [0x000000067d080000,0x000000067d080000,0x000000067f580000)
 ParOldGen       total 1199616K, used 1193436K [0x00000003c0000000, 0x0000000409380000, 0x000000066ab00000)
  object space 1199616K, 99% used [0x00000003c0000000,0x0000000408d770e0,0x0000000409380000)
 Metaspace       used 15231K, capacity 15414K, committed 15744K, reserved 1062912K
  class space    used 1545K, capacity 1607K, committed 1664K, reserved 1048576K
}
Event: 20034.798 GC heap before
{Heap before GC invocations=8692 (full 1):
 PSYoungGen      total 334336K, used 334317K [0x000000066ab00000, 0x0000000681e80000, 0x00000007c0000000)
  eden space 300544K, 100% used [0x000000066ab00000,0x000000067d080000,0x000000067d080000)
  from space 33792K, 99% used [0x000000067f580000,0x000000068167b7a8,0x0000000681680000)
  to   space 37888K, 0% used [0x000000067d080000,0x000000067d080000,0x000000067f580000)
 ParOldGen       total 1199616K, used 1193436K [0x00000003c0000000, 0x0000000409380000, 0x000000066ab00000)
  object space 1199616K, 99% used [0x00000003c0000000,0x0000000408d770e0,0x0000000409380000)
 Metaspace       used 15231K, capacity 15414K, committed 15744K, reserved 1062912K
  class space    used 1545K, capacity 1607K, committed 1664K, reserved 1048576K
Event: 20034.814 GC heap after
Heap after GC invocations=8692 (full 1):
 PSYoungGen      total 338432K, used 37861K [0x000000066ab00000, 0x0000000682f80000, 0x00000007c0000000)
  eden space 300544K, 0% used [0x000000066ab00000,0x000000066ab00000,0x000000067d080000)
  from space 37888K, 99% used [0x000000067d080000,0x000000067f579490,0x000000067f580000)
  to   space 42496K, 0% used [0x0000000680600000,0x0000000680600000,0x0000000682f80000)
 ParOldGen       total 1199616K, used 1198580K [0x00000003c0000000, 0x0000000409380000, 0x000000066ab00000)
  object space 1199616K, 99% used [0x00000003c0000000,0x000000040927d0e0,0x0000000409380000)
 Metaspace       used 15231K, capacity 15414K, committed 15744K, reserved 1062912K
  class space    used 1545K, capacity 1607K, committed 1664K, reserved 1048576K
}
Event: 20034.814 GC heap before
{Heap before GC invocations=8693 (full 2):
 PSYoungGen      total 338432K, used 37861K [0x000000066ab00000, 0x0000000682f80000, 0x00000007c0000000)
  eden space 300544K, 0% used [0x000000066ab00000,0x000000066ab00000,0x000000067d080000)
  from space 37888K, 99% used [0x000000067d080000,0x000000067f579490,0x000000067f580000)
  to   space 42496K, 0% used [0x0000000680600000,0x0000000680600000,0x0000000682f80000)
 ParOldGen       total 1199616K, used 1198580K [0x00000003c0000000, 0x0000000409380000, 0x000000066ab00000)
  object space 1199616K, 99% used [0x00000003c0000000,0x000000040927d0e0,0x0000000409380000)
 Metaspace       used 15231K, capacity 15414K, committed 15744K, reserved 1062912K
  class space    used 1545K, capacity 1607K, committed 1664K, reserved 1048576K

