# JRE version: Java(TM) SE Runtime Environment (8.0_66-b18) (build 1.8.0_66-b18)
# Java VM: Java HotSpot(TM) 64-Bit Server VM (25.66-b18 mixed mode windows-amd64 )
Heap:
 PSYoungGen      total 3456512K, used 3183282K [0x0000000880000000, 0x0000000983680000, 0x0000000c80000000)
  eden space 2874880K, 100% used [0x0000000880000000,0x000000092f780000,0x000000092f780000)
  from space 581632K, 53% used [0x000000095fe80000,0x0000000972baca30,0x0000000983680000)
  to   space 687616K, 99% used [0x000000092f780000,0x00000009596fcb58,0x0000000959700000)
 ParOldGen       total 1895424K, used 1616537K [0x0000000080000000, 0x00000000f3b00000, 0x0000000880000000)
  object space 1895424K, 85% used [0x0000000080000000,0x00000000e2aa6668,0x00000000f3b00000)
 Metaspace       used 9611K, capacity 9701K, committed 9728K, reserved 10240K
GC Heap History (10 events):
Event: 150.984 GC heap after
Heap after GC invocations=8 (full 1):
 PSYoungGen      total 1293824K, used 276466K [0x0000000880000000, 0x0000000921980000, 0x0000000c80000000)
  eden space 1017344K, 0% used [0x0000000880000000,0x0000000880000000,0x00000008be180000)
  from space 276480K, 99% used [0x00000008be180000,0x00000008cef7ca30,0x00000008cef80000)
  to   space 333312K, 0% used [0x000000090d400000,0x000000090d400000,0x0000000921980000)
 ParOldGen       total 1010688K, used 536369K [0x0000000080000000, 0x00000000bdb00000, 0x0000000880000000)
  object space 1010688K, 53% used [0x0000000080000000,0x00000000a0bcc6e0,0x00000000bdb00000)
 Metaspace       used 9609K, capacity 9701K, committed 9728K, reserved 10240K
}
Event: 151.515 GC heap before
{Heap before GC invocations=9 (full 1):
 PSYoungGen      total 1293824K, used 1293810K [0x0000000880000000, 0x0000000921980000, 0x0000000c80000000)
  eden space 1017344K, 100% used [0x0000000880000000,0x00000008be180000,0x00000008be180000)
  from space 276480K, 99% used [0x00000008be180000,0x00000008cef7ca30,0x00000008cef80000)
  to   space 333312K, 0% used [0x000000090d400000,0x000000090d400000,0x0000000921980000)
 ParOldGen       total 1010688K, used 536369K [0x0000000080000000, 0x00000000bdb00000, 0x0000000880000000)
  object space 1010688K, 53% used [0x0000000080000000,0x00000000a0bcc6e0,0x00000000bdb00000)
 Metaspace       used 9609K, capacity 9701K, committed 9728K, reserved 10240K
Event: 151.629 GC heap after
Heap after GC invocations=9 (full 1):
 PSYoungGen      total 2211840K, used 333298K [0x0000000880000000, 0x000000092ed00000, 0x0000000c80000000)
  eden space 1878528K, 0% used [0x0000000880000000,0x0000000880000000,0x00000008f2a80000)
  from space 333312K, 99% used [0x000000090d400000,0x000000092197ca30,0x0000000921980000)
  to   space 435712K, 0% used [0x00000008f2a80000,0x00000008f2a80000,0x000000090d400000)
 ParOldGen       total 1010688K, used 649529K [0x0000000080000000, 0x00000000bdb00000, 0x0000000880000000)
  object space 1010688K, 64% used [0x0000000080000000,0x00000000a7a4e6e0,0x00000000bdb00000)
 Metaspace       used 9609K, capacity 9701K, committed 9728K, reserved 10240K
}
Event: 223.622 GC heap before
{Heap before GC invocations=10 (full 1):
 PSYoungGen      total 2211840K, used 2211826K [0x0000000880000000, 0x000000092ed00000, 0x0000000c80000000)
  eden space 1878528K, 100% used [0x0000000880000000,0x00000008f2a80000,0x00000008f2a80000)
  from space 333312K, 99% used [0x000000090d400000,0x000000092197ca30,0x0000000921980000)
  to   space 435712K, 0% used [0x00000008f2a80000,0x00000008f2a80000,0x000000090d400000)
 ParOldGen       total 1010688K, used 649529K [0x0000000080000000, 0x00000000bdb00000, 0x0000000880000000)
  object space 1010688K, 64% used [0x0000000080000000,0x00000000a7a4e6e0,0x00000000bdb00000)
 Metaspace       used 9610K, capacity 9701K, committed 9728K, reserved 10240K
Event: 223.910 GC heap after
Heap after GC invocations=10 (full 1):
 PSYoungGen      total 2314240K, used 435707K [0x0000000880000000, 0x000000098c080000, 0x0000000c80000000)
  eden space 1878528K, 0% used [0x0000000880000000,0x0000000880000000,0x00000008f2a80000)
  from space 435712K, 99% used [0x00000008f2a80000,0x000000090d3fefc8,0x000000090d400000)
  to   space 722944K, 0% used [0x000000095fe80000,0x000000095fe80000,0x000000098c080000)
 ParOldGen       total 1190912K, used 1189417K [0x0000000080000000, 0x00000000c8b00000, 0x0000000880000000)
  object space 1190912K, 99% used [0x0000000080000000,0x00000000c898a6e0,0x00000000c8b00000)
 Metaspace       used 9610K, capacity 9701K, committed 9728K, reserved 10240K
}
Event: 223.910 GC heap before
{Heap before GC invocations=11 (full 2):
 PSYoungGen      total 2314240K, used 435707K [0x0000000880000000, 0x000000098c080000, 0x0000000c80000000)
  eden space 1878528K, 0% used [0x0000000880000000,0x0000000880000000,0x00000008f2a80000)
  from space 435712K, 99% used [0x00000008f2a80000,0x000000090d3fefc8,0x000000090d400000)
  to   space 722944K, 0% used [0x000000095fe80000,0x000000095fe80000,0x000000098c080000)
 ParOldGen       total 1190912K, used 1189417K [0x0000000080000000, 0x00000000c8b00000, 0x0000000880000000)
  object space 1190912K, 99% used [0x0000000080000000,0x00000000c898a6e0,0x00000000c8b00000)
 Metaspace       used 9610K, capacity 9701K, committed 9728K, reserved 10240K
Event: 225.036 GC heap after
Heap after GC invocations=11 (full 2):
 PSYoungGen      total 2314240K, used 3560K [0x0000000880000000, 0x000000098c080000, 0x0000000c80000000)
  eden space 1878528K, 0% used [0x0000000880000000,0x0000000880000000,0x00000008f2a80000)
  from space 435712K, 0% used [0x00000008f2a80000,0x00000008f2dfa3f8,0x000000090d400000)
  to   space 722944K, 0% used [0x000000095fe80000,0x000000095fe80000,0x000000098c080000)
 ParOldGen       total 1895424K, used 1190569K [0x0000000080000000, 0x00000000f3b00000, 0x0000000880000000)
  object space 1895424K, 62% used [0x0000000080000000,0x00000000c8aaa668,0x00000000f3b00000)
 Metaspace       used 9610K, capacity 9701K, committed 9728K, reserved 10240K
}
Event: 226.010 GC heap before
{Heap before GC invocations=12 (full 2):
 PSYoungGen      total 2314240K, used 1882088K [0x0000000880000000, 0x000000098c080000, 0x0000000c80000000)
  eden space 1878528K, 100% used [0x0000000880000000,0x00000008f2a80000,0x00000008f2a80000)
  from space 435712K, 0% used [0x00000008f2a80000,0x00000008f2dfa3f8,0x000000090d400000)
  to   space 722944K, 0% used [0x000000095fe80000,0x000000095fe80000,0x000000098c080000)
 ParOldGen       total 1895424K, used 1190569K [0x0000000080000000, 0x00000000f3b00000, 0x0000000880000000)
  object space 1895424K, 62% used [0x0000000080000000,0x00000000c8aaa668,0x00000000f3b00000)
 Metaspace       used 9610K, capacity 9701K, committed 9728K, reserved 10240K
Event: 226.134 GC heap after
Heap after GC invocations=12 (full 2):
 PSYoungGen      total 3456512K, used 308402K [0x0000000880000000, 0x0000000983680000, 0x0000000c80000000)
  eden space 2874880K, 0% used [0x0000000880000000,0x0000000880000000,0x000000092f780000)
  from space 581632K, 53% used [0x000000095fe80000,0x0000000972baca30,0x0000000983680000)
  to   space 687616K, 0% used [0x000000092f780000,0x000000092f780000,0x0000000959700000)
 ParOldGen       total 1895424K, used 1191233K [0x0000000080000000, 0x00000000f3b00000, 0x0000000880000000)
  object space 1895424K, 62% used [0x0000000080000000,0x00000000c8b50668,0x00000000f3b00000)
 Metaspace       used 9610K, capacity 9701K, committed 9728K, reserved 10240K
}
Event: 303.130 GC heap before
{Heap before GC invocations=13 (full 2):
 PSYoungGen      total 3456512K, used 3183282K [0x0000000880000000, 0x0000000983680000, 0x0000000c80000000)
  eden space 2874880K, 100% used [0x0000000880000000,0x000000092f780000,0x000000092f780000)
  from space 581632K, 53% used [0x000000095fe80000,0x0000000972baca30,0x0000000983680000)
  to   space 687616K, 0% used [0x000000092f780000,0x000000092f780000,0x0000000959700000)
 ParOldGen       total 1895424K, used 1191233K [0x0000000080000000, 0x00000000f3b00000, 0x0000000880000000)
  object space 1895424K, 62% used [0x0000000080000000,0x00000000c8b50668,0x00000000f3b00000)
 Metaspace       used 9611K, capacity 9701K, committed 9728K, reserved 10240K

