# JRE version: Java(TM) SE Runtime Environment (8.0_66-b18) (build 1.8.0_66-b18)
# Java VM: Java HotSpot(TM) 64-Bit Server VM (25.66-b18 mixed mode windows-amd64 )
Heap:
 PSYoungGen      total 14792704K, used 14792676K [0x0000000880000000, 0x0000000c80000000, 0x0000000c80000000)
  eden space 13283328K, 100% used [0x0000000880000000,0x0000000baac00000,0x0000000baac00000)
  from space 1509376K, 99% used [0x0000000c22380000,0x0000000c7e579218,0x0000000c7e580000)
  to   space 1746944K, 38% used [0x0000000baac00000,0x0000000bd3a51218,0x0000000c15600000)
 ParOldGen       total 11559936K, used 6914555K [0x0000000080000000, 0x0000000341900000, 0x0000000880000000)
  object space 11559936K, 59% used [0x0000000080000000,0x000000022607ec78,0x0000000341900000)
 Metaspace       used 13582K, capacity 13740K, committed 13824K, reserved 14336K
GC Heap History (10 events):
Event: 1508.308 GC heap after
Heap after GC invocations=716 (full 14):
 PSYoungGen      total 15164416K, used 1029728K [0x0000000880000000, 0x0000000c7db00000, 0x0000000c80000000)
  eden space 13609984K, 0% used [0x0000000880000000,0x0000000880000000,0x0000000bbeb00000)
  from space 1554432K, 66% used [0x0000000c1ed00000,0x0000000c5da98000,0x0000000c7db00000)
  to   space 1564672K, 0% used [0x0000000bbeb00000,0x0000000bbeb00000,0x0000000c1e300000)
 ParOldGen       total 11559936K, used 6687507K [0x0000000080000000, 0x0000000341900000, 0x0000000880000000)
  object space 11559936K, 57% used [0x0000000080000000,0x00000002182c4c78,0x0000000341900000)
 Metaspace       used 13581K, capacity 13740K, committed 13824K, reserved 14336K
}
Event: 1510.180 GC heap before
{Heap before GC invocations=717 (full 14):
 PSYoungGen      total 15164416K, used 14639712K [0x0000000880000000, 0x0000000c7db00000, 0x0000000c80000000)
  eden space 13609984K, 100% used [0x0000000880000000,0x0000000bbeb00000,0x0000000bbeb00000)
  from space 1554432K, 66% used [0x0000000c1ed00000,0x0000000c5da98000,0x0000000c7db00000)
  to   space 1564672K, 0% used [0x0000000bbeb00000,0x0000000bbeb00000,0x0000000c1e300000)
 ParOldGen       total 11559936K, used 6687507K [0x0000000080000000, 0x0000000341900000, 0x0000000880000000)
  object space 11559936K, 57% used [0x0000000080000000,0x00000002182c4c78,0x0000000341900000)
 Metaspace       used 13581K, capacity 13740K, committed 13824K, reserved 14336K
Event: 1510.304 GC heap after
Heap after GC invocations=717 (full 14):
 PSYoungGen      total 15174656K, used 1029824K [0x0000000880000000, 0x0000000c7ea00000, 0x0000000c80000000)
  eden space 13609984K, 0% used [0x0000000880000000,0x0000000880000000,0x0000000bbeb00000)
  from space 1564672K, 65% used [0x0000000bbeb00000,0x0000000bfd8b0000,0x0000000c1e300000)
  to   space 1548288K, 0% used [0x0000000c20200000,0x0000000c20200000,0x0000000c7ea00000)
 ParOldGen       total 11559936K, used 6689139K [0x0000000080000000, 0x0000000341900000, 0x0000000880000000)
  object space 11559936K, 57% used [0x0000000080000000,0x000000021845cc78,0x0000000341900000)
 Metaspace       used 13581K, capacity 13740K, committed 13824K, reserved 14336K
}
Event: 1512.072 GC heap before
{Heap before GC invocations=718 (full 14):
 PSYoungGen      total 15174656K, used 14634524K [0x0000000880000000, 0x0000000c7ea00000, 0x0000000c80000000)
  eden space 13609984K, 99% used [0x0000000880000000,0x0000000bbe5d72a8,0x0000000bbeb00000)
  from space 1564672K, 65% used [0x0000000bbeb00000,0x0000000bfd8b0000,0x0000000c1e300000)
  to   space 1548288K, 0% used [0x0000000c20200000,0x0000000c20200000,0x0000000c7ea00000)
 ParOldGen       total 11559936K, used 6689139K [0x0000000080000000, 0x0000000341900000, 0x0000000880000000)
  object space 11559936K, 57% used [0x0000000080000000,0x000000021845cc78,0x0000000341900000)
 Metaspace       used 13581K, capacity 13740K, committed 13824K, reserved 14336K
Event: 1512.197 GC heap after
Heap after GC invocations=718 (full 14):
 PSYoungGen      total 15180800K, used 1029920K [0x0000000880000000, 0x0000000c7cb00000, 0x0000000c80000000)
  eden space 13664256K, 0% used [0x0000000880000000,0x0000000880000000,0x0000000bc2000000)
  from space 1516544K, 67% used [0x0000000c20200000,0x0000000c5efc8000,0x0000000c7cb00000)
  to   space 1529344K, 0% used [0x0000000bc2000000,0x0000000bc2000000,0x0000000c1f580000)
 ParOldGen       total 11559936K, used 6690835K [0x0000000080000000, 0x0000000341900000, 0x0000000880000000)
  object space 11559936K, 57% used [0x0000000080000000,0x0000000218604c78,0x0000000341900000)
 Metaspace       used 13581K, capacity 13740K, committed 13824K, reserved 14336K
}
Event: 1514.092 GC heap before
{Heap before GC invocations=719 (full 14):
 PSYoungGen      total 15180800K, used 14694176K [0x0000000880000000, 0x0000000c7cb00000, 0x0000000c80000000)
  eden space 13664256K, 100% used [0x0000000880000000,0x0000000bc2000000,0x0000000bc2000000)
  from space 1516544K, 67% used [0x0000000c20200000,0x0000000c5efc8000,0x0000000c7cb00000)
  to   space 1529344K, 0% used [0x0000000bc2000000,0x0000000bc2000000,0x0000000c1f580000)
 ParOldGen       total 11559936K, used 6690835K [0x0000000080000000, 0x0000000341900000, 0x0000000880000000)
  object space 11559936K, 57% used [0x0000000080000000,0x0000000218604c78,0x0000000341900000)
 Metaspace       used 13581K, capacity 13740K, committed 13824K, reserved 14336K
Event: 1514.215 GC heap after
Heap after GC invocations=719 (full 14):
 PSYoungGen      total 15193600K, used 1030016K [0x0000000880000000, 0x0000000c7e580000, 0x0000000c80000000)
  eden space 13664256K, 0% used [0x0000000880000000,0x0000000880000000,0x0000000bc2000000)
  from space 1529344K, 67% used [0x0000000bc2000000,0x0000000c00de0000,0x0000000c1f580000)
  to   space 1509376K, 0% used [0x0000000c22380000,0x0000000c22380000,0x0000000c7e580000)
 ParOldGen       total 11559936K, used 6692523K [0x0000000080000000, 0x0000000341900000, 0x0000000880000000)
  object space 11559936K, 57% used [0x0000000080000000,0x00000002187aac78,0x0000000341900000)
 Metaspace       used 13581K, capacity 13740K, committed 13824K, reserved 14336K
}
Event: 1522.805 GC heap before
{Heap before GC invocations=720 (full 14):
 PSYoungGen      total 15193600K, used 14694272K [0x0000000880000000, 0x0000000c7e580000, 0x0000000c80000000)
  eden space 13664256K, 100% used [0x0000000880000000,0x0000000bc2000000,0x0000000bc2000000)
  from space 1529344K, 67% used [0x0000000bc2000000,0x0000000c00de0000,0x0000000c1f580000)
  to   space 1509376K, 0% used [0x0000000c22380000,0x0000000c22380000,0x0000000c7e580000)
 ParOldGen       total 11559936K, used 6692523K [0x0000000080000000, 0x0000000341900000, 0x0000000880000000)
  object space 11559936K, 57% used [0x0000000080000000,0x00000002187aac78,0x0000000341900000)
 Metaspace       used 13582K, capacity 13740K, committed 13824K, reserved 14336K
Event: 1523.109 GC heap after
Heap after GC invocations=720 (full 14):
 PSYoungGen      total 14792704K, used 1509348K [0x0000000880000000, 0x0000000c80000000, 0x0000000c80000000)
  eden space 13283328K, 0% used [0x0000000880000000,0x0000000880000000,0x0000000baac00000)
  from space 1509376K, 99% used [0x0000000c22380000,0x0000000c7e579218,0x0000000c7e580000)
  to   space 1746944K, 0% used [0x0000000baac00000,0x0000000baac00000,0x0000000c15600000)
 ParOldGen       total 11559936K, used 6911163K [0x0000000080000000, 0x0000000341900000, 0x0000000880000000)
  object space 11559936K, 59% used [0x0000000080000000,0x0000000225d2ec78,0x0000000341900000)
 Metaspace       used 13582K, capacity 13740K, committed 13824K, reserved 14336K
}
Event: 1525.082 GC heap before
{Heap before GC invocations=721 (full 14):
 PSYoungGen      total 14792704K, used 14792676K [0x0000000880000000, 0x0000000c80000000, 0x0000000c80000000)
  eden space 13283328K, 100% used [0x0000000880000000,0x0000000baac00000,0x0000000baac00000)
  from space 1509376K, 99% used [0x0000000c22380000,0x0000000c7e579218,0x0000000c7e580000)
  to   space 1746944K, 0% used [0x0000000baac00000,0x0000000baac00000,0x0000000c15600000)
 ParOldGen       total 11559936K, used 6911163K [0x0000000080000000, 0x0000000341900000, 0x0000000880000000)
  object space 11559936K, 59% used [0x0000000080000000,0x0000000225d2ec78,0x0000000341900000)
 Metaspace       used 13582K, capacity 13740K, committed 13824K, reserved 14336K

