# JRE version: Java(TM) SE Runtime Environment (8.0_66-b18) (build 1.8.0_66-b18)
# Java VM: Java HotSpot(TM) 64-Bit Server VM (25.66-b18 mixed mode windows-amd64 )
Heap:
 PSYoungGen      total 15142400K, used 14707453K [0x0000000880000000, 0x0000000c7ab80000, 0x0000000c80000000)
  eden space 13646336K, 99% used [0x0000000880000000,0x0000000bc089f688,0x0000000bc0e80000)
  from space 1496064K, 71% used [0x0000000c1f680000,0x0000000c608a0000,0x0000000c7ab80000)
  to   space 1522176K, 70% used [0x0000000bc0e80000,0x0000000c02110000,0x0000000c1dd00000)
 ParOldGen       total 10523648K, used 8664095K [0x0000000080000000, 0x0000000302500000, 0x0000000880000000)
  object space 10523648K, 82% used [0x0000000080000000,0x0000000290d07f30,0x0000000302500000)
 Metaspace       used 13624K, capacity 13740K, committed 13824K, reserved 14336K
GC Heap History (10 events):
Event: 1280.294 GC heap after
Heap after GC invocations=631 (full 11):
 PSYoungGen      total 15114752K, used 1188708K [0x0000000880000000, 0x0000000c7d480000, 0x0000000c80000000)
  eden space 13515264K, 0% used [0x0000000880000000,0x0000000880000000,0x0000000bb8e80000)
  from space 1599488K, 74% used [0x0000000c1ba80000,0x0000000c64359218,0x0000000c7d480000)
  to   space 1608704K, 0% used [0x0000000bb8e80000,0x0000000bb8e80000,0x0000000c1b180000)
 ParOldGen       total 10523648K, used 8655967K [0x0000000080000000, 0x0000000302500000, 0x0000000880000000)
  object space 10523648K, 82% used [0x0000000080000000,0x0000000290517f30,0x0000000302500000)
 Metaspace       used 13624K, capacity 13740K, committed 13824K, reserved 14336K
}
Event: 1282.134 GC heap before
{Heap before GC invocations=632 (full 11):
 PSYoungGen      total 15114752K, used 14703972K [0x0000000880000000, 0x0000000c7d480000, 0x0000000c80000000)
  eden space 13515264K, 100% used [0x0000000880000000,0x0000000bb8e80000,0x0000000bb8e80000)
  from space 1599488K, 74% used [0x0000000c1ba80000,0x0000000c64359218,0x0000000c7d480000)
  to   space 1608704K, 0% used [0x0000000bb8e80000,0x0000000bb8e80000,0x0000000c1b180000)
 ParOldGen       total 10523648K, used 8655967K [0x0000000080000000, 0x0000000302500000, 0x0000000880000000)
  object space 10523648K, 82% used [0x0000000080000000,0x0000000290517f30,0x0000000302500000)
 Metaspace       used 13624K, capacity 13740K, committed 13824K, reserved 14336K
Event: 1282.273 GC heap after
Heap after GC invocations=632 (full 11):
 PSYoungGen      total 15123968K, used 1188644K [0x0000000880000000, 0x0000000c7e800000, 0x0000000c80000000)
  eden space 13515264K, 0% used [0x0000000880000000,0x0000000880000000,0x0000000bb8e80000)
  from space 1608704K, 73% used [0x0000000bb8e80000,0x0000000c01749218,0x0000000c1b180000)
  to   space 1591808K, 0% used [0x0000000c1d580000,0x0000000c1d580000,0x0000000c7e800000)
 ParOldGen       total 10523648K, used 8657671K [0x0000000080000000, 0x0000000302500000, 0x0000000880000000)
  object space 10523648K, 82% used [0x0000000080000000,0x00000002906c1f30,0x0000000302500000)
 Metaspace       used 13624K, capacity 13740K, committed 13824K, reserved 14336K
}
Event: 1283.953 GC heap before
{Heap before GC invocations=633 (full 11):
 PSYoungGen      total 15123968K, used 14703908K [0x0000000880000000, 0x0000000c7e800000, 0x0000000c80000000)
  eden space 13515264K, 100% used [0x0000000880000000,0x0000000bb8e80000,0x0000000bb8e80000)
  from space 1608704K, 73% used [0x0000000bb8e80000,0x0000000c01749218,0x0000000c1b180000)
  to   space 1591808K, 0% used [0x0000000c1d580000,0x0000000c1d580000,0x0000000c7e800000)
 ParOldGen       total 10523648K, used 8657671K [0x0000000080000000, 0x0000000302500000, 0x0000000880000000)
  object space 10523648K, 82% used [0x0000000080000000,0x00000002906c1f30,0x0000000302500000)
 Metaspace       used 13624K, capacity 13740K, committed 13824K, reserved 14336K
Event: 1284.096 GC heap after
Heap after GC invocations=633 (full 11):
 PSYoungGen      total 15141376K, used 1188740K [0x0000000880000000, 0x0000000c7cd80000, 0x0000000c80000000)
  eden space 13576704K, 0% used [0x0000000880000000,0x0000000880000000,0x0000000bbca80000)
  from space 1564672K, 75% used [0x0000000c1d580000,0x0000000c65e61218,0x0000000c7cd80000)
  to   space 1574400K, 0% used [0x0000000bbca80000,0x0000000bbca80000,0x0000000c1cc00000)
 ParOldGen       total 10523648K, used 8659399K [0x0000000080000000, 0x0000000302500000, 0x0000000880000000)
  object space 10523648K, 82% used [0x0000000080000000,0x0000000290871f30,0x0000000302500000)
 Metaspace       used 13624K, capacity 13740K, committed 13824K, reserved 14336K
}
Event: 1285.886 GC heap before
{Heap before GC invocations=634 (full 11):
 PSYoungGen      total 15141376K, used 14765444K [0x0000000880000000, 0x0000000c7cd80000, 0x0000000c80000000)
  eden space 13576704K, 100% used [0x0000000880000000,0x0000000bbca80000,0x0000000bbca80000)
  from space 1564672K, 75% used [0x0000000c1d580000,0x0000000c65e61218,0x0000000c7cd80000)
  to   space 1574400K, 0% used [0x0000000bbca80000,0x0000000bbca80000,0x0000000c1cc00000)
 ParOldGen       total 10523648K, used 8659399K [0x0000000080000000, 0x0000000302500000, 0x0000000880000000)
  object space 10523648K, 82% used [0x0000000080000000,0x0000000290871f30,0x0000000302500000)
 Metaspace       used 13624K, capacity 13740K, committed 13824K, reserved 14336K
Event: 1286.026 GC heap after
Heap after GC invocations=634 (full 11):
 PSYoungGen      total 15151104K, used 1188836K [0x0000000880000000, 0x0000000c7e680000, 0x0000000c80000000)
  eden space 13576704K, 0% used [0x0000000880000000,0x0000000880000000,0x0000000bbca80000)
  from space 1574400K, 75% used [0x0000000bbca80000,0x0000000c05379218,0x0000000c1cc00000)
  to   space 1556480K, 0% used [0x0000000c1f680000,0x0000000c1f680000,0x0000000c7e680000)
 ParOldGen       total 10523648K, used 8661119K [0x0000000080000000, 0x0000000302500000, 0x0000000880000000)
  object space 10523648K, 82% used [0x0000000080000000,0x0000000290a1ff30,0x0000000302500000)
 Metaspace       used 13624K, capacity 13740K, committed 13824K, reserved 14336K
}
Event: 1292.859 GC heap before
{Heap before GC invocations=635 (full 11):
 PSYoungGen      total 15151104K, used 14765540K [0x0000000880000000, 0x0000000c7e680000, 0x0000000c80000000)
  eden space 13576704K, 100% used [0x0000000880000000,0x0000000bbca80000,0x0000000bbca80000)
  from space 1574400K, 75% used [0x0000000bbca80000,0x0000000c05379218,0x0000000c1cc00000)
  to   space 1556480K, 0% used [0x0000000c1f680000,0x0000000c1f680000,0x0000000c7e680000)
 ParOldGen       total 10523648K, used 8661119K [0x0000000080000000, 0x0000000302500000, 0x0000000880000000)
  object space 10523648K, 82% used [0x0000000080000000,0x0000000290a1ff30,0x0000000302500000)
 Metaspace       used 13624K, capacity 13740K, committed 13824K, reserved 14336K
Event: 1293.009 GC heap after
Heap after GC invocations=635 (full 11):
 PSYoungGen      total 15142400K, used 1067136K [0x0000000880000000, 0x0000000c7ab80000, 0x0000000c80000000)
  eden space 13646336K, 0% used [0x0000000880000000,0x0000000880000000,0x0000000bc0e80000)
  from space 1496064K, 71% used [0x0000000c1f680000,0x0000000c608a0000,0x0000000c7ab80000)
  to   space 1522176K, 0% used [0x0000000bc0e80000,0x0000000bc0e80000,0x0000000c1dd00000)
 ParOldGen       total 10523648K, used 8662879K [0x0000000080000000, 0x0000000302500000, 0x0000000880000000)
  object space 10523648K, 82% used [0x0000000080000000,0x0000000290bd7f30,0x0000000302500000)
 Metaspace       used 13624K, capacity 13740K, committed 13824K, reserved 14336K
}
Event: 1294.684 GC heap before
{Heap before GC invocations=636 (full 11):
 PSYoungGen      total 15142400K, used 14707453K [0x0000000880000000, 0x0000000c7ab80000, 0x0000000c80000000)
  eden space 13646336K, 99% used [0x0000000880000000,0x0000000bc089f688,0x0000000bc0e80000)
  from space 1496064K, 71% used [0x0000000c1f680000,0x0000000c608a0000,0x0000000c7ab80000)
  to   space 1522176K, 0% used [0x0000000bc0e80000,0x0000000bc0e80000,0x0000000c1dd00000)
 ParOldGen       total 10523648K, used 8662879K [0x0000000080000000, 0x0000000302500000, 0x0000000880000000)
  object space 10523648K, 82% used [0x0000000080000000,0x0000000290bd7f30,0x0000000302500000)
 Metaspace       used 13624K, capacity 13740K, committed 13824K, reserved 14336K

